INFO [2017-02-20 15:38:12] [[1]]
INFO [2017-02-20 15:38:12] vectors
INFO [2017-02-20 15:38:12] 
INFO [2017-02-20 15:38:12] $fill
INFO [2017-02-20 15:38:12] fill
INFO [2017-02-20 15:38:12] 
INFO [2017-02-20 15:38:12] $alpha
INFO [2017-02-20 15:38:12] alpha
INFO [2017-02-20 15:38:12] 
INFO [2017-02-20 15:38:12] $cat.fontface
INFO [2017-02-20 15:38:12] [1] "bold"
INFO [2017-02-20 15:38:12] 
INFO [2017-02-20 15:38:12] $cat.cex
INFO [2017-02-20 15:38:12] cat.cex
INFO [2017-02-20 15:38:12] 
INFO [2017-02-20 15:38:12] $cex
INFO [2017-02-20 15:38:12] cex
INFO [2017-02-20 15:38:12] 
INFO [2017-02-20 15:38:12] $filename
INFO [2017-02-20 15:38:12] NULL
INFO [2017-02-20 15:38:12] 
