INFO [2017-05-03 14:44:00] [[1]]
INFO [2017-05-03 14:44:00] vectors
INFO [2017-05-03 14:44:00] 
INFO [2017-05-03 14:44:00] $fill
INFO [2017-05-03 14:44:00] fill
INFO [2017-05-03 14:44:00] 
INFO [2017-05-03 14:44:00] $alpha
INFO [2017-05-03 14:44:00] alpha
INFO [2017-05-03 14:44:00] 
INFO [2017-05-03 14:44:00] $cat.fontface
INFO [2017-05-03 14:44:00] [1] "bold"
INFO [2017-05-03 14:44:00] 
INFO [2017-05-03 14:44:00] $cat.cex
INFO [2017-05-03 14:44:00] cat.cex
INFO [2017-05-03 14:44:00] 
INFO [2017-05-03 14:44:00] $cex
INFO [2017-05-03 14:44:00] cex
INFO [2017-05-03 14:44:00] 
INFO [2017-05-03 14:44:00] $filename
INFO [2017-05-03 14:44:00] NULL
INFO [2017-05-03 14:44:00] 
