INFO [2017-02-20 15:37:13] [[1]]
INFO [2017-02-20 15:37:13] vectors
INFO [2017-02-20 15:37:13] 
INFO [2017-02-20 15:37:13] $fill
INFO [2017-02-20 15:37:13] fill
INFO [2017-02-20 15:37:13] 
INFO [2017-02-20 15:37:13] $alpha
INFO [2017-02-20 15:37:13] alpha
INFO [2017-02-20 15:37:13] 
INFO [2017-02-20 15:37:13] $cat.fontface
INFO [2017-02-20 15:37:13] [1] "bold"
INFO [2017-02-20 15:37:13] 
INFO [2017-02-20 15:37:13] $cat.cex
INFO [2017-02-20 15:37:13] cat.cex
INFO [2017-02-20 15:37:13] 
INFO [2017-02-20 15:37:13] $cex
INFO [2017-02-20 15:37:13] cex
INFO [2017-02-20 15:37:13] 
INFO [2017-02-20 15:37:13] $filename
INFO [2017-02-20 15:37:13] NULL
INFO [2017-02-20 15:37:13] 
