INFO [2017-05-03 14:39:59] [[1]]
INFO [2017-05-03 14:39:59] vectors
INFO [2017-05-03 14:39:59] 
INFO [2017-05-03 14:39:59] $fill
INFO [2017-05-03 14:39:59] fill
INFO [2017-05-03 14:39:59] 
INFO [2017-05-03 14:39:59] $alpha
INFO [2017-05-03 14:39:59] alpha
INFO [2017-05-03 14:39:59] 
INFO [2017-05-03 14:39:59] $cat.fontface
INFO [2017-05-03 14:39:59] [1] "bold"
INFO [2017-05-03 14:39:59] 
INFO [2017-05-03 14:39:59] $cat.cex
INFO [2017-05-03 14:39:59] cat.cex
INFO [2017-05-03 14:39:59] 
INFO [2017-05-03 14:39:59] $cex
INFO [2017-05-03 14:39:59] cex
INFO [2017-05-03 14:39:59] 
INFO [2017-05-03 14:39:59] $filename
INFO [2017-05-03 14:39:59] NULL
INFO [2017-05-03 14:39:59] 
