INFO [2017-05-03 14:48:53] [[1]]
INFO [2017-05-03 14:48:53] vectors
INFO [2017-05-03 14:48:53] 
INFO [2017-05-03 14:48:53] $fill
INFO [2017-05-03 14:48:53] fill
INFO [2017-05-03 14:48:53] 
INFO [2017-05-03 14:48:53] $alpha
INFO [2017-05-03 14:48:53] alpha
INFO [2017-05-03 14:48:53] 
INFO [2017-05-03 14:48:53] $cat.fontface
INFO [2017-05-03 14:48:53] [1] "bold"
INFO [2017-05-03 14:48:53] 
INFO [2017-05-03 14:48:53] $cat.cex
INFO [2017-05-03 14:48:53] cat.cex
INFO [2017-05-03 14:48:53] 
INFO [2017-05-03 14:48:53] $cex
INFO [2017-05-03 14:48:53] cex
INFO [2017-05-03 14:48:53] 
INFO [2017-05-03 14:48:53] $filename
INFO [2017-05-03 14:48:53] NULL
INFO [2017-05-03 14:48:53] 
