INFO [2017-05-03 14:48:10] [[1]]
INFO [2017-05-03 14:48:10] vectors
INFO [2017-05-03 14:48:10] 
INFO [2017-05-03 14:48:10] $fill
INFO [2017-05-03 14:48:10] fill
INFO [2017-05-03 14:48:10] 
INFO [2017-05-03 14:48:10] $alpha
INFO [2017-05-03 14:48:10] alpha
INFO [2017-05-03 14:48:10] 
INFO [2017-05-03 14:48:10] $cat.fontface
INFO [2017-05-03 14:48:10] [1] "bold"
INFO [2017-05-03 14:48:10] 
INFO [2017-05-03 14:48:10] $cat.cex
INFO [2017-05-03 14:48:10] cat.cex
INFO [2017-05-03 14:48:10] 
INFO [2017-05-03 14:48:10] $cex
INFO [2017-05-03 14:48:10] cex
INFO [2017-05-03 14:48:10] 
INFO [2017-05-03 14:48:10] $filename
INFO [2017-05-03 14:48:10] NULL
INFO [2017-05-03 14:48:10] 
