INFO [2017-05-03 14:48:32] [[1]]
INFO [2017-05-03 14:48:32] vectors
INFO [2017-05-03 14:48:32] 
INFO [2017-05-03 14:48:32] $fill
INFO [2017-05-03 14:48:32] fill
INFO [2017-05-03 14:48:32] 
INFO [2017-05-03 14:48:32] $alpha
INFO [2017-05-03 14:48:32] alpha
INFO [2017-05-03 14:48:32] 
INFO [2017-05-03 14:48:32] $cat.fontface
INFO [2017-05-03 14:48:32] [1] "bold"
INFO [2017-05-03 14:48:32] 
INFO [2017-05-03 14:48:32] $cat.cex
INFO [2017-05-03 14:48:32] cat.cex
INFO [2017-05-03 14:48:32] 
INFO [2017-05-03 14:48:32] $cex
INFO [2017-05-03 14:48:32] cex
INFO [2017-05-03 14:48:32] 
INFO [2017-05-03 14:48:32] $filename
INFO [2017-05-03 14:48:32] NULL
INFO [2017-05-03 14:48:32] 
