INFO [2017-02-20 15:39:56] [[1]]
INFO [2017-02-20 15:39:56] vectors
INFO [2017-02-20 15:39:56] 
INFO [2017-02-20 15:39:56] $fill
INFO [2017-02-20 15:39:56] fill
INFO [2017-02-20 15:39:56] 
INFO [2017-02-20 15:39:56] $alpha
INFO [2017-02-20 15:39:56] alpha
INFO [2017-02-20 15:39:56] 
INFO [2017-02-20 15:39:56] $cat.fontface
INFO [2017-02-20 15:39:56] [1] "bold"
INFO [2017-02-20 15:39:56] 
INFO [2017-02-20 15:39:56] $cat.cex
INFO [2017-02-20 15:39:56] cat.cex
INFO [2017-02-20 15:39:56] 
INFO [2017-02-20 15:39:56] $cex
INFO [2017-02-20 15:39:56] cex
INFO [2017-02-20 15:39:56] 
INFO [2017-02-20 15:39:56] $filename
INFO [2017-02-20 15:39:56] NULL
INFO [2017-02-20 15:39:56] 
