INFO [2017-05-03 14:39:23] [[1]]
INFO [2017-05-03 14:39:23] vectors
INFO [2017-05-03 14:39:23] 
INFO [2017-05-03 14:39:23] $fill
INFO [2017-05-03 14:39:23] fill
INFO [2017-05-03 14:39:23] 
INFO [2017-05-03 14:39:23] $alpha
INFO [2017-05-03 14:39:23] alpha
INFO [2017-05-03 14:39:23] 
INFO [2017-05-03 14:39:23] $cat.fontface
INFO [2017-05-03 14:39:23] [1] "bold"
INFO [2017-05-03 14:39:23] 
INFO [2017-05-03 14:39:23] $cat.cex
INFO [2017-05-03 14:39:23] cat.cex
INFO [2017-05-03 14:39:23] 
INFO [2017-05-03 14:39:23] $cex
INFO [2017-05-03 14:39:23] cex
INFO [2017-05-03 14:39:23] 
INFO [2017-05-03 14:39:23] $filename
INFO [2017-05-03 14:39:23] NULL
INFO [2017-05-03 14:39:23] 
