INFO [2017-05-03 14:47:36] [[1]]
INFO [2017-05-03 14:47:36] vectors
INFO [2017-05-03 14:47:36] 
INFO [2017-05-03 14:47:36] $fill
INFO [2017-05-03 14:47:36] fill
INFO [2017-05-03 14:47:36] 
INFO [2017-05-03 14:47:36] $alpha
INFO [2017-05-03 14:47:36] alpha
INFO [2017-05-03 14:47:36] 
INFO [2017-05-03 14:47:36] $cat.fontface
INFO [2017-05-03 14:47:36] [1] "bold"
INFO [2017-05-03 14:47:36] 
INFO [2017-05-03 14:47:36] $cat.cex
INFO [2017-05-03 14:47:36] cat.cex
INFO [2017-05-03 14:47:36] 
INFO [2017-05-03 14:47:36] $cex
INFO [2017-05-03 14:47:36] cex
INFO [2017-05-03 14:47:36] 
INFO [2017-05-03 14:47:36] $filename
INFO [2017-05-03 14:47:36] NULL
INFO [2017-05-03 14:47:36] 
