INFO [2017-02-20 15:40:03] [[1]]
INFO [2017-02-20 15:40:03] vectors
INFO [2017-02-20 15:40:03] 
INFO [2017-02-20 15:40:03] $fill
INFO [2017-02-20 15:40:03] fill
INFO [2017-02-20 15:40:03] 
INFO [2017-02-20 15:40:03] $alpha
INFO [2017-02-20 15:40:03] alpha
INFO [2017-02-20 15:40:03] 
INFO [2017-02-20 15:40:03] $cat.fontface
INFO [2017-02-20 15:40:03] [1] "bold"
INFO [2017-02-20 15:40:03] 
INFO [2017-02-20 15:40:03] $cat.cex
INFO [2017-02-20 15:40:03] cat.cex
INFO [2017-02-20 15:40:03] 
INFO [2017-02-20 15:40:03] $cex
INFO [2017-02-20 15:40:03] cex
INFO [2017-02-20 15:40:03] 
INFO [2017-02-20 15:40:03] $filename
INFO [2017-02-20 15:40:03] NULL
INFO [2017-02-20 15:40:03] 
